<?xml version="1.0" encoding="UTF-8"?>
<!-- Generated by org.testng.reporters.JUnitReportReporter -->
<testsuite hostname="L-000390" name="test.login.TestAnotations" tests="1" failures="0" timestamp="10 Aug 2016 10:02:54 GMT" time="6.868" errors="0">
  <testcase name="neuspesnoLogovanje" time="6.868" classname="test.login.TestAnotations"/>
</testsuite> <!-- test.login.TestAnotations -->
