<?xml version="1.0" encoding="UTF-8"?>
<!-- Generated by org.testng.reporters.JUnitReportReporter -->
<testsuite hostname="L-009712" name="tests.LoginTest" tests="2" failures="0" timestamp="1 Nov 2016 13:43:22 GMT" time="6.619" errors="0">
  <testcase name="login401" time="2.401" classname="tests.LoginTest"/>
  <testcase name="login200" time="4.218" classname="tests.LoginTest"/>
</testsuite> <!-- tests.LoginTest -->
