<?xml version="1.0" encoding="UTF-8"?>
<!-- Generated by org.testng.reporters.JUnitReportReporter -->
<testsuite hostname="L-009712" name="tests.RegistrationTheRightWay2" tests="3" failures="0" timestamp="1 Nov 2016 13:30:02 GMT" time="79.996" errors="0">
  <testcase name="allCorrectCases" time="30.810" classname="tests.RegistrationTheRightWay2"/>
  <testcase name="allConflictCases" time="9.419" classname="tests.RegistrationTheRightWay2"/>
  <testcase name="allIncorrectCases" time="39.767" classname="tests.RegistrationTheRightWay2"/>
</testsuite> <!-- tests.RegistrationTheRightWay2 -->
