<?xml version="1.0" encoding="UTF-8"?>
<!-- Generated by org.testng.reporters.JUnitReportReporter -->
<testsuite hostname="L-009712" name="tests.RegistrationTheRightWay" tests="3" failures="0" timestamp="21 Oct 2016 08:39:49 GMT" time="80.118" errors="0">
  <testcase name="allConflictCases" time="9.297" classname="tests.RegistrationTheRightWay"/>
  <testcase name="allIncorrectCases" time="39.888" classname="tests.RegistrationTheRightWay"/>
  <testcase name="allCorrectCases" time="30.933" classname="tests.RegistrationTheRightWay"/>
</testsuite> <!-- tests.RegistrationTheRightWay -->
