<?xml version="1.0" encoding="UTF-8"?>
<!-- Generated by org.testng.reporters.JUnitReportReporter -->
<testsuite skipped="0" hostname="L-000390" name="test.Login" tests="1" failures="0" timestamp="5 Aug 2016 14:14:23 GMT" time="19.419" errors="0">
  <testcase name="f" time="19.419" classname="test.Login"/>
</testsuite> <!-- test.Login -->
