<?xml version="1.0" encoding="UTF-8"?>
<!-- Generated by org.testng.reporters.JUnitReportReporter -->
<testsuite skipped="1" hostname="L-000390" name="test.Test1" tests="1" failures="0" timestamp="5 Aug 2016 10:44:22 GMT" time="0.005" errors="0">
  <testcase name="TestGoogle" time="0.005" classname="test.Test1">
    <skipped/>
  </testcase> <!-- TestGoogle -->
</testsuite> <!-- test.Test1 -->
