<?xml version="1.0" encoding="UTF-8"?>
<!-- Generated by org.testng.reporters.JUnitReportReporter -->
<testsuite skipped="0" hostname="L-000390" name="test.login.Login" tests="1" failures="0" timestamp="9 Aug 2016 15:11:40 GMT" time="12.121" errors="0">
  <testcase name="f" time="12.121" classname="test.login.Login"/>
</testsuite> <!-- test.login.Login -->
