<?xml version="1.0" encoding="UTF-8"?>
<!-- Generated by org.testng.reporters.JUnitReportReporter -->
<testsuite skipped="0" hostname="L-000390" name="test.login.Login" tests="1" failures="0" timestamp="11 Aug 2016 08:01:39 GMT" time="8.585" errors="0">
  <testcase name="f" time="8.585" classname="test.login.Login"/>
</testsuite> <!-- test.login.Login -->
