<?xml version="1.0" encoding="UTF-8"?>
<!-- Generated by org.testng.reporters.JUnitReportReporter -->
<testsuite skipped="0" hostname="L-000390" name="test.cdd.CheckBoxFunctionality" tests="1" failures="0" timestamp="15 Aug 2016 09:39:28 GMT" time="23.812" errors="0">
  <testcase name="login" time="23.812" classname="test.cdd.CheckBoxFunctionality"/>
</testsuite> <!-- test.cdd.CheckBoxFunctionality -->
