<?xml version="1.0" encoding="UTF-8"?>
<!-- Generated by org.testng.reporters.JUnitReportReporter -->
<testsuite skipped="0" hostname="L-000390" name="test.cdd.CheckBoxFunctionality" tests="1" failures="0" timestamp="15 Aug 2016 08:19:25 GMT" time="17.028" errors="0">
  <testcase name="login" time="17.028" classname="test.cdd.CheckBoxFunctionality"/>
</testsuite> <!-- test.cdd.CheckBoxFunctionality -->
