<?xml version="1.0" encoding="UTF-8"?>
<!-- Generated by org.testng.reporters.JUnitReportReporter -->
<testsuite skipped="1" hostname="L-000390" name="test.JustClick" tests="1" failures="0" timestamp="8 Aug 2016 15:57:46 GMT" time="0.003" errors="0">
  <testcase name="f" time="0.003" classname="test.JustClick">
    <skipped/>
  </testcase> <!-- f -->
</testsuite> <!-- test.JustClick -->
