<?xml version="1.0" encoding="UTF-8"?>
<!-- Generated by org.testng.reporters.JUnitReportReporter -->
<testsuite skipped="0" hostname="L-000390" name="test.WrongUser" tests="1" failures="0" timestamp="8 Aug 2016 08:23:11 GMT" time="7.544" errors="0">
  <testcase name="writeAndClick" time="7.544" classname="test.WrongUser"/>
</testsuite> <!-- test.WrongUser -->
