<?xml version="1.0" encoding="UTF-8"?>
<!-- Generated by org.testng.reporters.JUnitReportReporter -->
<testsuite skipped="1" hostname="L-000390" name="test.WrongUser" tests="1" failures="0" timestamp="8 Aug 2016 16:01:55 GMT" time="0.004" errors="0">
  <testcase name="writeAndClick" time="0.004" classname="test.WrongUser">
    <skipped/>
  </testcase> <!-- writeAndClick -->
</testsuite> <!-- test.WrongUser -->
