<?xml version="1.0" encoding="UTF-8"?>
<!-- Generated by org.testng.reporters.JUnitReportReporter -->
<testsuite skipped="0" hostname="L-000390" name="test.Login" tests="1" failures="0" timestamp="8 Aug 2016 16:43:54 GMT" time="20.041" errors="0">
  <testcase name="f" time="20.041" classname="test.Login"/>
</testsuite> <!-- test.Login -->
