<?xml version="1.0" encoding="UTF-8"?>
<!-- Generated by org.testng.reporters.JUnitReportReporter -->
<testsuite skipped="0" hostname="L-000390" name="test.JustClock" tests="1" failures="0" timestamp="5 Aug 2016 14:46:29 GMT" time="5.212" errors="0">
  <testcase name="f" time="5.212" classname="test.JustClock"/>
</testsuite> <!-- test.JustClock -->
