<?xml version="1.0" encoding="UTF-8"?>
<!-- Generated by org.testng.reporters.JUnitReportReporter -->
<testsuite skipped="1" hostname="L-000390" name="test.WrongPass" tests="1" failures="0" timestamp="8 Aug 2016 15:42:49 GMT" time="0.002" errors="0">
  <testcase name="f" time="0.002" classname="test.WrongPass">
    <skipped/>
  </testcase> <!-- f -->
</testsuite> <!-- test.WrongPass -->
