<?xml version="1.0" encoding="UTF-8"?>
<!-- Generated by org.testng.reporters.JUnitReportReporter -->
<testsuite skipped="0" hostname="L-000390" name="test1.Test1" tests="2" failures="0" timestamp="15 Aug 2016 08:34:57 GMT" time="0.245" errors="0">
  <testcase name="verifyProfile" time="0.081" classname="test1.Test1"/>
  <testcase name="verifyCareerTextLabel" time="0.164" classname="test1.Test1"/>
</testsuite> <!-- test1.Test1 -->
