<?xml version="1.0" encoding="UTF-8"?>
<!-- Generated by org.testng.reporters.JUnitReportReporter -->
<testsuite skipped="0" hostname="L-000390" name="test.login.TestAnotations" tests="1" failures="0" timestamp="15 Aug 2016 13:55:15 GMT" time="4.135" errors="0">
  <testcase name="UspesnoLogovanje" time="4.135" classname="test.login.TestAnotations"/>
</testsuite> <!-- test.login.TestAnotations -->
