<?xml version="1.0" encoding="UTF-8"?>
<!-- Generated by org.testng.reporters.JUnitReportReporter -->
<testsuite skipped="0" hostname="L-000390" name="test.login.TestAnotations" tests="3" failures="0" timestamp="9 Aug 2016 12:43:28 GMT" time="23.046" errors="0">
  <testcase name="neuspesnoLogovanje1" time="6.851" classname="test.login.TestAnotations"/>
  <testcase name="UspesnoLogovanje" time="9.272" classname="test.login.TestAnotations"/>
  <testcase name="neuspesnoLogovanje" time="6.923" classname="test.login.TestAnotations"/>
</testsuite> <!-- test.login.TestAnotations -->
