<?xml version="1.0" encoding="UTF-8"?>
<!-- Generated by org.testng.reporters.JUnitReportReporter -->
<testsuite skipped="0" hostname="L-000390" name="test.Test1" tests="1" failures="0" timestamp="5 Aug 2016 14:47:06 GMT" time="13.150" errors="0">
  <testcase name="TestGoogle" time="13.150" classname="test.Test1"/>
</testsuite> <!-- test.Test1 -->
