<?xml version="1.0" encoding="UTF-8"?>
<!-- Generated by org.testng.reporters.JUnitReportReporter -->
<testsuite skipped="0" hostname="L-000390" name="test2.Test2" tests="1" failures="0" timestamp="9 Aug 2016 16:07:43 GMT" time="3.237" errors="0">
  <testcase name="f" time="3.237" classname="test2.Test2"/>
</testsuite> <!-- test2.Test2 -->
